[themesbrand.com/borex-symfony/layouts/dashboard-crypto.html]
[backblue.gif]
[fade.gif]
[index.html]
[themesbrand.com/borex-symfony/layouts/assets/images/favicon.ico]
[themesbrand.com/borex-symfony/layouts/assets/css/bootstrap.min.css]
[themesbrand.com/borex-symfony/layouts/assets/css/icons.min.css]
[themesbrand.com/borex-symfony/layouts/assets/css/app.min.css]
[themesbrand.com/borex-symfony/layouts/index.html]
[themesbrand.com/borex-symfony/layouts/assets/images/logo-dark-sm.png]
[themesbrand.com/borex-symfony/layouts/assets/images/logo-light.png]
[themesbrand.com/borex-symfony/layouts/assets/images/logo-light-sm.png]
[themesbrand.com/borex-symfony/layouts/assets/images/flags/us.jpg]
[themesbrand.com/borex-symfony/layouts/assets/images/flags/spain.jpg]
[themesbrand.com/borex-symfony/layouts/assets/images/flags/germany.jpg]
[themesbrand.com/borex-symfony/layouts/assets/images/flags/italy.jpg]
[themesbrand.com/borex-symfony/layouts/assets/images/flags/russia.jpg]
[themesbrand.com/borex-symfony/layouts/assets/images/brands/github.png]
[themesbrand.com/borex-symfony/layouts/assets/images/brands/bitbucket.png]
[themesbrand.com/borex-symfony/layouts/assets/images/brands/dribbble.png]
[themesbrand.com/borex-symfony/layouts/assets/images/brands/dropbox.png]
[themesbrand.com/borex-symfony/layouts/assets/images/brands/mail_chimp.png]
[themesbrand.com/borex-symfony/layouts/assets/images/brands/slack.png]
[themesbrand.com/borex-symfony/layouts/assets/images/users/avatar-3.jpg]
[themesbrand.com/borex-symfony/layouts/assets/images/users/avatar-6.jpg]
[themesbrand.com/borex-symfony/layouts/assets/images/users/avatar-1.jpg]
[themesbrand.com/borex-symfony/layouts/contacts-profile.html]
[themesbrand.com/borex-symfony/layouts/apps-chat.html]
[themesbrand.com/borex-symfony/layouts/pages-faqs.html]
[themesbrand.com/borex-symfony/layouts/auth-lock-screen.html]
[themesbrand.com/borex-symfony/layouts/auth-logout.html]
[themesbrand.com/borex-symfony/layouts/assets/images/logo-dark.png]
[themesbrand.com/borex-symfony/layouts/dashboard-saas.html]
[themesbrand.com/borex-symfony/layouts/apps-calendar.html]
[themesbrand.com/borex-symfony/layouts/apps-file-manager.html]
[themesbrand.com/borex-symfony/layouts/ecommerce-products.html]
[themesbrand.com/borex-symfony/layouts/ecommerce-product-detail.html]
[themesbrand.com/borex-symfony/layouts/ecommerce-customers.html]
[themesbrand.com/borex-symfony/layouts/ecommerce-orders.html]
[themesbrand.com/borex-symfony/layouts/ecommerce-cart.html]
[themesbrand.com/borex-symfony/layouts/ecommerce-checkout.html]
[themesbrand.com/borex-symfony/layouts/ecommerce-shops.html]
[themesbrand.com/borex-symfony/layouts/ecommerce-add-product.html]
[themesbrand.com/borex-symfony/layouts/email-inbox.html]
[themesbrand.com/borex-symfony/layouts/email-read.html]
[themesbrand.com/borex-symfony/layouts/email-template-basic.html]
[themesbrand.com/borex-symfony/layouts/email-template-alert.html]
[themesbrand.com/borex-symfony/layouts/email-template-billing.html]
[themesbrand.com/borex-symfony/layouts/invoices-list.html]
[themesbrand.com/borex-symfony/layouts/projects-grid.html]
[themesbrand.com/borex-symfony/layouts/projects-list.html]
[themesbrand.com/borex-symfony/layouts/invoices-detail.html]
[themesbrand.com/borex-symfony/layouts/contacts-grid.html]
[themesbrand.com/borex-symfony/layouts/contacts-list.html]
[themesbrand.com/borex-symfony/layouts/layouts-horizontal.html]
[themesbrand.com/borex-symfony/layouts/auth-login.html]
[themesbrand.com/borex-symfony/layouts/projects-create.html]
[themesbrand.com/borex-symfony/layouts/auth-register.html]
[themesbrand.com/borex-symfony/layouts/auth-recoverpw.html]
[themesbrand.com/borex-symfony/layouts/auth-email-verification.html]
[themesbrand.com/borex-symfony/layouts/auth-two-step-verification.html]
[themesbrand.com/borex-symfony/layouts/auth-confirm-mail.html]
[themesbrand.com/borex-symfony/layouts/pages-maintenance.html]
[themesbrand.com/borex-symfony/layouts/pages-comingsoon.html]
[themesbrand.com/borex-symfony/layouts/pages-timeline.html]
[themesbrand.com/borex-symfony/layouts/pages-starter.html]
[themesbrand.com/borex-symfony/layouts/pages-pricing.html]
[themesbrand.com/borex-symfony/layouts/pages-404.html]
[themesbrand.com/borex-symfony/layouts/pages-500.html]
[themesbrand.com/borex-symfony/layouts/ui-alerts.html]
[themesbrand.com/borex-symfony/layouts/ui-buttons.html]
[themesbrand.com/borex-symfony/layouts/ui-cards.html]
[themesbrand.com/borex-symfony/layouts/ui-carousel.html]
[themesbrand.com/borex-symfony/layouts/ui-dropdowns.html]
[themesbrand.com/borex-symfony/layouts/ui-images.html]
[themesbrand.com/borex-symfony/layouts/ui-lightbox.html]
[themesbrand.com/borex-symfony/layouts/ui-modals.html]
[themesbrand.com/borex-symfony/layouts/ui-grid.html]
[themesbrand.com/borex-symfony/layouts/ui-rangeslider.html]
[themesbrand.com/borex-symfony/layouts/ui-progressbars.html]
[themesbrand.com/borex-symfony/layouts/ui-sweet-alert.html]
[themesbrand.com/borex-symfony/layouts/ui-offcanvas.html]
[themesbrand.com/borex-symfony/layouts/ui-tabs-accordions.html]
[themesbrand.com/borex-symfony/layouts/ui-video.html]
[themesbrand.com/borex-symfony/layouts/ui-general.html]
[themesbrand.com/borex-symfony/layouts/ui-typography.html]
[themesbrand.com/borex-symfony/layouts/ui-colors.html]
[themesbrand.com/borex-symfony/layouts/ui-notifications.html]
[themesbrand.com/borex-symfony/layouts/ui-rating.html]
[themesbrand.com/borex-symfony/layouts/form-elements.html]
[themesbrand.com/borex-symfony/layouts/form-layouts.html]
[themesbrand.com/borex-symfony/layouts/form-validation.html]
[themesbrand.com/borex-symfony/layouts/form-advanced.html]
[themesbrand.com/borex-symfony/layouts/form-uploads.html]
[themesbrand.com/borex-symfony/layouts/form-editors.html]
[themesbrand.com/borex-symfony/layouts/form-wizard.html]
[themesbrand.com/borex-symfony/layouts/form-mask.html]
[themesbrand.com/borex-symfony/layouts/tables-advanced.html]
[themesbrand.com/borex-symfony/layouts/tables-basic.html]
[themesbrand.com/borex-symfony/layouts/charts-line.html]
[themesbrand.com/borex-symfony/layouts/charts-area.html]
[themesbrand.com/borex-symfony/layouts/charts-column.html]
[themesbrand.com/borex-symfony/layouts/charts-mixed.html]
[themesbrand.com/borex-symfony/layouts/charts-bar.html]
[themesbrand.com/borex-symfony/layouts/charts-timeline.html]
[themesbrand.com/borex-symfony/layouts/charts-boxplot.html]
[themesbrand.com/borex-symfony/layouts/charts-bubble.html]
[themesbrand.com/borex-symfony/layouts/charts-candlestick.html]
[themesbrand.com/borex-symfony/layouts/charts-scatter.html]
[themesbrand.com/borex-symfony/layouts/charts-heatmap.html]
[themesbrand.com/borex-symfony/layouts/charts-treemap.html]
[themesbrand.com/borex-symfony/layouts/charts-pie.html]
[themesbrand.com/borex-symfony/layouts/charts-radialbar.html]
[themesbrand.com/borex-symfony/layouts/charts-radar.html]
[themesbrand.com/borex-symfony/layouts/charts-polararea.html]
[themesbrand.com/borex-symfony/layouts/charts-echart.html]
[themesbrand.com/borex-symfony/layouts/charts-chartjs.html]
[themesbrand.com/borex-symfony/layouts/charts-tui.html]
[themesbrand.com/borex-symfony/layouts/icons-evaicons.html]
[themesbrand.com/borex-symfony/layouts/icons-boxicons.html]
[themesbrand.com/borex-symfony/layouts/icons-materialdesign.html]
[themesbrand.com/borex-symfony/layouts/icons-fontawesome.html]
[themesbrand.com/borex-symfony/layouts/maps-google.html]
[themesbrand.com/borex-symfony/layouts/maps-vector.html]
[themesbrand.com/borex-symfony/layouts/maps-leaflet.html]
[themesbrand.com/borex-symfony/layouts/assets/libs/bootstrap/js/bootstrap.bundle.min.js]
[themesbrand.com/borex-symfony/layouts/assets/libs/metismenujs/metismenujs.min.js]
[themesbrand.com/borex-symfony/layouts/assets/libs/simplebar/simplebar.min.js]
[themesbrand.com/borex-symfony/layouts/assets/libs/eva-icons/eva.min.js]
[themesbrand.com/borex-symfony/layouts/assets/js/pages/chartjs.js]
[themesbrand.com/borex-symfony/layouts/assets/libs/apexcharts/apexcharts.min.js]
[themesbrand.com/borex-symfony/layouts/assets/js/pages/dashboard-crypto.init.js]
[themesbrand.com/borex-symfony/layouts/dashboard-crypto.html]
[themesbrand.com/borex-symfony/layouts/assets/js/app.js]
[themesbrand.com/borex-symfony/layouts/assets/css/bootstrap.min.css]
[themesbrand.com/borex-symfony/layouts/assets/fonts/materialdesignicons-webfont2d61.eot]
[themesbrand.com/borex-symfony/layouts/assets/fonts/materialdesignicons-webfontd41d.eot]
[themesbrand.com/borex-symfony/layouts/assets/fonts/materialdesignicons-webfont2d61.woff2]
[themesbrand.com/borex-symfony/layouts/assets/fonts/materialdesignicons-webfont2d61.woff]
[themesbrand.com/borex-symfony/layouts/assets/fonts/materialdesignicons-webfont2d61.ttf]
[themesbrand.com/borex-symfony/layouts/assets/fonts/boxicons.eot]
[themesbrand.com/borex-symfony/layouts/assets/fonts/boxicons.woff2]
[themesbrand.com/borex-symfony/layouts/assets/fonts/boxicons.woff]
[themesbrand.com/borex-symfony/layouts/assets/fonts/boxicons.ttf]
[themesbrand.com/borex-symfony/layouts/assets/fonts/fa-brands-400.eot]
[themesbrand.com/borex-symfony/layouts/assets/fonts/fa-brands-400d41d.eot]
[themesbrand.com/borex-symfony/layouts/assets/fonts/fa-brands-400.woff2]
[themesbrand.com/borex-symfony/layouts/assets/fonts/fa-brands-400.woff]
[themesbrand.com/borex-symfony/layouts/assets/fonts/fa-brands-400.ttf]
[themesbrand.com/borex-symfony/layouts/assets/fonts/fa-regular-400.eot]
[themesbrand.com/borex-symfony/layouts/assets/fonts/fa-regular-400d41d.eot]
[themesbrand.com/borex-symfony/layouts/assets/fonts/fa-regular-400.woff2]
[themesbrand.com/borex-symfony/layouts/assets/fonts/fa-regular-400.woff]
[themesbrand.com/borex-symfony/layouts/assets/fonts/fa-regular-400.ttf]
[themesbrand.com/borex-symfony/layouts/assets/fonts/fa-solid-900.eot]
[themesbrand.com/borex-symfony/layouts/assets/fonts/fa-solid-900d41d.eot]
[themesbrand.com/borex-symfony/layouts/assets/fonts/fa-solid-900.woff2]
[themesbrand.com/borex-symfony/layouts/assets/fonts/fa-solid-900.woff]
[themesbrand.com/borex-symfony/layouts/assets/fonts/fa-solid-900.ttf]
[themesbrand.com/borex-symfony/layouts/assets/css/icons.min.css]
[themesbrand.com/borex-symfony/layouts/assets/css/app.min.css]
[themesbrand.com/borex-symfony/layouts/assets/images/pattern-bg.jpg]
[themesbrand.com/borex-symfony/layouts/assets/js/pages/dashboard.init.js]
[themesbrand.com/borex-symfony/layouts/index.html]
[themesbrand.com/borex-symfony/layouts/assets/images/users/avatar-2.jpg]
[themesbrand.com/borex-symfony/layouts/assets/images/users/avatar-4.jpg]
[themesbrand.com/borex-symfony/layouts/assets/images/users/avatar-5.jpg]
[themesbrand.com/borex-symfony/layouts/assets/images/users/avatar-7.jpg]
[themesbrand.com/borex-symfony/layouts/assets/images/post-1.jpg]
[themesbrand.com/borex-symfony/layouts/assets/images/post-2.jpg]
[themesbrand.com/borex-symfony/layouts/contacts-profile.html]
[themesbrand.com/borex-symfony/layouts/assets/images/small/img-1.jpg]
[themesbrand.com/borex-symfony/layouts/assets/images/small/img-2.jpg]
[themesbrand.com/borex-symfony/layouts/apps-chat.html]
[themesbrand.com/borex-symfony/layouts/pages-faqs.html]
[themesbrand.com/borex-symfony/layouts/assets/images/login-img.png]
[themesbrand.com/borex-symfony/layouts/assets/js/pages/eva-icon.init.js]
[themesbrand.com/borex-symfony/layouts/auth-lock-screen.html]
[themesbrand.com/borex-symfony/layouts/auth-logout.html]
[themesbrand.com/borex-symfony/layouts/assets/libs/jsvectormap/css/jsvectormap.min.css]
[themesbrand.com/borex-symfony/layouts/assets/libs/swiper/swiper-bundle.min.css]
[themesbrand.com/borex-symfony/layouts/assets/images/small/img-5.jpg]
[themesbrand.com/borex-symfony/layouts/assets/libs/jsvectormap/js/jsvectormap.min.js]
[themesbrand.com/borex-symfony/layouts/assets/libs/jsvectormap/maps/world-merc.js]
[themesbrand.com/borex-symfony/layouts/assets/libs/swiper/swiper-bundle.min.js]
[themesbrand.com/borex-symfony/layouts/dashboard-saas.html]
[themesbrand.com/borex-symfony/layouts/assets/js/pages/dashboard-saas.init.js]
[themesbrand.com/borex-symfony/layouts/assets/libs/fullcalendar/main.min.css]
[themesbrand.com/borex-symfony/layouts/assets/libs/fullcalendar/main.min.js]
[themesbrand.com/borex-symfony/layouts/assets/js/pages/calendar.init.js]
[themesbrand.com/borex-symfony/layouts/apps-calendar.html]
[themesbrand.com/borex-symfony/layouts/assets/images/users/avatar-8.jpg]
[themesbrand.com/borex-symfony/layouts/assets/js/pages/file-manager.init.js]
[themesbrand.com/borex-symfony/layouts/apps-file-manager.html]
[themesbrand.com/borex-symfony/layouts/assets/libs/nouislider/nouislider.min.css]
[themesbrand.com/borex-symfony/layouts/assets/images/auth-bg.jpg]
[themesbrand.com/borex-symfony/layouts/assets/images/product/img-1.png]
[themesbrand.com/borex-symfony/layouts/assets/images/auth-bg-1.jpg]
[themesbrand.com/borex-symfony/layouts/assets/images/product/img-2.png]
[themesbrand.com/borex-symfony/layouts/assets/images/auth-bg-2.jpg]
[themesbrand.com/borex-symfony/layouts/assets/images/product/img-3.png]
[themesbrand.com/borex-symfony/layouts/assets/images/product/img-1.jpg]
[themesbrand.com/borex-symfony/layouts/assets/images/product/img-2.jpg]
[themesbrand.com/borex-symfony/layouts/assets/images/product/img-3.jpg]
[themesbrand.com/borex-symfony/layouts/assets/images/product/img-4.jpg]
[themesbrand.com/borex-symfony/layouts/assets/images/product/img-5.jpg]
[themesbrand.com/borex-symfony/layouts/assets/images/product/img-6.jpg]
[themesbrand.com/borex-symfony/layouts/assets/libs/nouislider/nouislider.min.js]
[themesbrand.com/borex-symfony/layouts/assets/libs/wnumb/wNumb.min.js]
[themesbrand.com/borex-symfony/layouts/assets/js/pages/product-filter-range.init.js]
[themesbrand.com/borex-symfony/layouts/ecommerce-products.html]
[themesbrand.com/borex-symfony/layouts/assets/js/pages/ecommerce-product-detail.init.js]
[themesbrand.com/borex-symfony/layouts/ecommerce-product-detail.html]
[themesbrand.com/borex-symfony/layouts/assets/libs/gridjs/theme/mermaid.min.css]
[themesbrand.com/borex-symfony/layouts/assets/libs/flatpickr/flatpickr.min.css]
[themesbrand.com/borex-symfony/layouts/assets/libs/gridjs/gridjs.umd.js]
[themesbrand.com/borex-symfony/layouts/assets/libs/flatpickr/flatpickr.min.js]
[themesbrand.com/borex-symfony/layouts/assets/js/pages/ecommerce-orders.init.js]
[themesbrand.com/borex-symfony/layouts/ecommerce-orders.html]
[themesbrand.com/borex-symfony/layouts/assets/js/pages/ecommerce-customers.init.js]
[themesbrand.com/borex-symfony/layouts/ecommerce-customers.html]
[themesbrand.com/borex-symfony/layouts/ecommerce-cart.html]
[themesbrand.com/borex-symfony/layouts/ecommerce-checkout.html]
[themesbrand.com/borex-symfony/layouts/ecommerce-product-detail-2.html]
[themesbrand.com/borex-symfony/layouts/assets/js/pages/ecommerce-shops.init.js]
[themesbrand.com/borex-symfony/layouts/ecommerce-shops.html]
[themesbrand.com/borex-symfony/layouts/assets/libs/choices.js/public/assets/styles/choices.min.css]
[themesbrand.com/borex-symfony/layouts/assets/libs/dropzone/min/dropzone.min.css]
[themesbrand.com/borex-symfony/layouts/assets/libs/choices.js/public/assets/scripts/choices.min.js]
[themesbrand.com/borex-symfony/layouts/assets/libs/dropzone/min/dropzone.min.js]
[themesbrand.com/borex-symfony/layouts/assets/js/pages/ecommerce-choices.init.js]
[themesbrand.com/borex-symfony/layouts/ecommerce-add-product.html]
[themesbrand.com/borex-symfony/layouts/assets/js/pages/email-editor.init.js]
[themesbrand.com/borex-symfony/layouts/email-inbox.html]
[themesbrand.com/borex-symfony/layouts/assets/libs/@ckeditor/ckeditor5-build-classic/build/ckeditor.js]
[themesbrand.com/borex-symfony/layouts/assets/images/small/img-3.jpg]
[themesbrand.com/borex-symfony/layouts/assets/images/small/img-4.jpg]
[themesbrand.com/borex-symfony/layouts/email-read.html]
[themesbrand.com/borex-symfony/layouts/email-template-basic.html]
[themesbrand.com/borex-symfony/layouts/email-template-alert.html]
[themesbrand.com/borex-symfony/layouts/email-template-billing.html]
[themesbrand.com/borex-symfony/layouts/assets/js/pages/invoice-list.init.js]
[themesbrand.com/borex-symfony/layouts/invoices-list.html]
[themesbrand.com/borex-symfony/layouts/invoices-detail.html]
[themesbrand.com/borex-symfony/layouts/assets/images/companies/img-1.png]
[themesbrand.com/borex-symfony/layouts/assets/images/companies/img-2.png]
[themesbrand.com/borex-symfony/layouts/assets/images/companies/img-3.png]
[themesbrand.com/borex-symfony/layouts/assets/images/companies/img-4.png]
[themesbrand.com/borex-symfony/layouts/assets/images/companies/img-5.png]
[themesbrand.com/borex-symfony/layouts/assets/images/companies/img-6.png]
[themesbrand.com/borex-symfony/layouts/projects-grid.html]
[themesbrand.com/borex-symfony/layouts/projects-list.html]
[themesbrand.com/borex-symfony/layouts/assets/js/pages/task-creat.init.js]
[themesbrand.com/borex-symfony/layouts/projects-create.html]
[themesbrand.com/borex-symfony/layouts/contacts-grid.html]
[themesbrand.com/borex-symfony/layouts/contacts-list.html]
[themesbrand.com/borex-symfony/layouts/layouts-horizontal.html]
[themesbrand.com/borex-symfony/layouts/assets/js/pages/pass-addon.init.js]
[themesbrand.com/borex-symfony/layouts/auth-login.html]
[themesbrand.com/borex-symfony/layouts/auth-register.html]
[themesbrand.com/borex-symfony/layouts/auth-recoverpw.html]
[themesbrand.com/borex-symfony/layouts/auth-confirm-mail.html]
[themesbrand.com/borex-symfony/layouts/auth-email-verification.html]
[themesbrand.com/borex-symfony/layouts/assets/js/pages/two-step-verification.init.js]
[themesbrand.com/borex-symfony/layouts/auth-two-step-verification.html]
[themesbrand.com/borex-symfony/layouts/pages-starter.html]
[themesbrand.com/borex-symfony/layouts/assets/images/maintenance.png]
[themesbrand.com/borex-symfony/layouts/pages-maintenance.html]
[themesbrand.com/borex-symfony/layouts/assets/images/coming-soon.png]
[themesbrand.com/borex-symfony/layouts/assets/js/pages/coming-soon.init.js]
[themesbrand.com/borex-symfony/layouts/pages-comingsoon.html]
[themesbrand.com/borex-symfony/layouts/assets/js/pages/timeline.init.js]
[themesbrand.com/borex-symfony/layouts/pages-timeline.html]
[themesbrand.com/borex-symfony/layouts/pages-pricing.html]
[themesbrand.com/borex-symfony/layouts/assets/images/error-img.png]
[themesbrand.com/borex-symfony/layouts/pages-404.html]
[themesbrand.com/borex-symfony/layouts/pages-500.html]
[themesbrand.com/borex-symfony/layouts/ui-alerts.html]
[themesbrand.com/borex-symfony/layouts/ui-buttons.html]
[themesbrand.com/borex-symfony/layouts/assets/images/small/img-7.jpg]
[themesbrand.com/borex-symfony/layouts/assets/images/small/img-6.jpg]
[themesbrand.com/borex-symfony/layouts/ui-cards.html]
[themesbrand.com/borex-symfony/layouts/assets/libs/masonry-layout/masonry.pkgd.min.js]
[themesbrand.com/borex-symfony/layouts/ui-carousel.html]
[themesbrand.com/borex-symfony/layouts/ui-dropdowns.html]
[themesbrand.com/borex-symfony/layouts/ui-grid.html]
[themesbrand.com/borex-symfony/layouts/ui-images.html]
[themesbrand.com/borex-symfony/layouts/assets/libs/glightbox/css/glightbox.min.css]
[themesbrand.com/borex-symfony/layouts/assets/libs/glightbox/js/glightbox.min.js]
[themesbrand.com/borex-symfony/layouts/assets/js/pages/lightbox.init.js]
[themesbrand.com/borex-symfony/layouts/ui-lightbox.html]
[themesbrand.com/borex-symfony/layouts/ui-modals.html]
[themesbrand.com/borex-symfony/layouts/ui-offcanvas.html]
[themesbrand.com/borex-symfony/layouts/assets/js/pages/range-sliders.init.js]
[themesbrand.com/borex-symfony/layouts/ui-rangeslider.html]
[themesbrand.com/borex-symfony/layouts/ui-progressbars.html]
[themesbrand.com/borex-symfony/layouts/assets/libs/sweetalert2/sweetalert2.min.css]
[themesbrand.com/borex-symfony/layouts/assets/libs/sweetalert2/sweetalert2.min.js]
[themesbrand.com/borex-symfony/layouts/assets/js/pages/sweet-alerts.init.js]
[themesbrand.com/borex-symfony/layouts/ui-sweet-alert.html]
[themesbrand.com/borex-symfony/layouts/ui-tabs-accordions.html]
[themesbrand.com/borex-symfony/layouts/ui-typography.html]
[themesbrand.com/borex-symfony/layouts/ui-video.html]
[themesbrand.com/borex-symfony/layouts/ui-general.html]
[themesbrand.com/borex-symfony/layouts/ui-colors.html]
[themesbrand.com/borex-symfony/layouts/assets/libs/rater-js/index.js]
[themesbrand.com/borex-symfony/layouts/assets/js/pages/rating.init.js]
[themesbrand.com/borex-symfony/layouts/ui-rating.html]
[themesbrand.com/borex-symfony/layouts/assets/libs/alertifyjs/build/css/alertify.min.css]
[themesbrand.com/borex-symfony/layouts/assets/libs/alertifyjs/build/css/themes/default.min.css]
[themesbrand.com/borex-symfony/layouts/assets/libs/alertifyjs/build/alertify.min.js]
[themesbrand.com/borex-symfony/layouts/assets/js/pages/notification.init.js]
[themesbrand.com/borex-symfony/layouts/ui-notifications.html]
[themesbrand.com/borex-symfony/layouts/form-elements.html]
[themesbrand.com/borex-symfony/layouts/form-layouts.html]
[themesbrand.com/borex-symfony/layouts/assets/js/pages/form-validation.init.js]
[themesbrand.com/borex-symfony/layouts/form-validation.html]
[themesbrand.com/borex-symfony/layouts/assets/libs/@simonwep/pickr/themes/classic.min.css]
[themesbrand.com/borex-symfony/layouts/assets/libs/@simonwep/pickr/themes/monolith.min.css]
[themesbrand.com/borex-symfony/layouts/assets/libs/@simonwep/pickr/themes/nano.min.css]
[themesbrand.com/borex-symfony/layouts/assets/libs/@simonwep/pickr/pickr.min.js]
[themesbrand.com/borex-symfony/layouts/assets/libs/@simonwep/pickr/pickr.es5.min.js]
[themesbrand.com/borex-symfony/layouts/assets/js/pages/form-advanced.init.js]
[themesbrand.com/borex-symfony/layouts/form-advanced.html]
[themesbrand.com/borex-symfony/layouts/assets/libs/quill/quill.core.css]
[themesbrand.com/borex-symfony/layouts/assets/libs/quill/quill.bubble.css]
[themesbrand.com/borex-symfony/layouts/assets/libs/quill/quill.snow.css]
[themesbrand.com/borex-symfony/layouts/assets/js/pages/form-editor.init.js]
[themesbrand.com/borex-symfony/layouts/form-editors.html]
[themesbrand.com/borex-symfony/layouts/form-uploads.html]
[themesbrand.com/borex-symfony/layouts/assets/libs/quill/quill.min.js]
[themesbrand.com/borex-symfony/layouts/assets/js/pages/form-wizard.init.js]
[themesbrand.com/borex-symfony/layouts/form-wizard.html]
[themesbrand.com/borex-symfony/layouts/assets/libs/imask/imask.min.js]
[themesbrand.com/borex-symfony/layouts/assets/js/pages/form-mask.init.js]
[themesbrand.com/borex-symfony/layouts/form-mask.html]
[themesbrand.com/borex-symfony/layouts/tables-basic.html]
[themesbrand.com/borex-symfony/layouts/assets/js/pages/gridjs.init.js]
[themesbrand.com/borex-symfony/layouts/tables-advanced.html]
[apexcharts.com/samples/assets/stock-prices.js]
[themesbrand.com/borex-symfony/layouts/charts-line.html]
[themesbrand.com/borex-symfony/layouts/assets/js/pages/apexcharts-line.init.js]
[apexcharts.com/samples/assets/github-data.js]
[apexcharts.com/samples/assets/irregular-data-series.js]
[themesbrand.com/borex-symfony/layouts/assets/libs/moment/min/moment.min.js]
[themesbrand.com/borex-symfony/layouts/charts-area.html]
[themesbrand.com/borex-symfony/layouts/assets/js/pages/apexcharts-area.init.js]
[themesbrand.com/borex-symfony/layouts/charts-column.html]
[themesbrand.com/borex-symfony/layouts/assets/js/pages/apexcharts-column.init.js]
[themesbrand.com/borex-symfony/layouts/charts-bar.html]
[themesbrand.com/borex-symfony/layouts/assets/js/pages/apexcharts-bar.init.js]
[themesbrand.com/borex-symfony/layouts/assets/js/pages/apexcharts-mixed.init.js]
[themesbrand.com/borex-symfony/layouts/charts-mixed.html]
[themesbrand.com/borex-symfony/layouts/assets/js/pages/apexcharts-timeline.init.js]
[themesbrand.com/borex-symfony/layouts/charts-timeline.html]
[apexcharts.com/samples/assets/ohlc.js]
[cdnjs.cloudflare.com/ajax/libs/dayjs/1.8.17/dayjs.min.js]
[themesbrand.com/borex-symfony/layouts/charts-candlestick.html]
[themesbrand.com/borex-symfony/layouts/assets/js/pages/apexcharts-candlestick.init.js]
[themesbrand.com/borex-symfony/layouts/assets/js/pages/apexcharts-boxplot.init.js]
[themesbrand.com/borex-symfony/layouts/charts-boxplot.html]
[themesbrand.com/borex-symfony/layouts/assets/js/pages/apexcharts-bubble.init.js]
[themesbrand.com/borex-symfony/layouts/charts-bubble.html]
[themesbrand.com/borex-symfony/layouts/assets/js/pages/apexcharts-scatter.init.js]
[themesbrand.com/borex-symfony/layouts/charts-scatter.html]
[themesbrand.com/borex-symfony/layouts/assets/js/pages/apexcharts-heatmap.init.js]
[themesbrand.com/borex-symfony/layouts/charts-heatmap.html]
[themesbrand.com/borex-symfony/layouts/assets/js/pages/apexcharts-treemap.init.js]
[themesbrand.com/borex-symfony/layouts/charts-treemap.html]
[themesbrand.com/borex-symfony/layouts/assets/js/pages/apexcharts-pie.init.js]
[themesbrand.com/borex-symfony/layouts/charts-pie.html]
[themesbrand.com/borex-symfony/layouts/assets/js/pages/apexcharts-radialbar.init.js]
[themesbrand.com/borex-symfony/layouts/charts-radialbar.html]
[themesbrand.com/borex-symfony/layouts/assets/js/pages/apexcharts-radar.init.js]
[themesbrand.com/borex-symfony/layouts/charts-radar.html]
[themesbrand.com/borex-symfony/layouts/assets/js/pages/apexcharts-polararea.init.js]
[themesbrand.com/borex-symfony/layouts/charts-polararea.html]
[themesbrand.com/borex-symfony/layouts/assets/js/pages/echarts.init.js]
[themesbrand.com/borex-symfony/layouts/charts-echart.html]
[themesbrand.com/borex-symfony/layouts/assets/libs/echarts/echarts.min.js]
[themesbrand.com/borex-symfony/layouts/assets/libs/chart.js/chart.min.js]
[themesbrand.com/borex-symfony/layouts/assets/js/pages/chartjs.init.js]
[themesbrand.com/borex-symfony/layouts/charts-chartjs.html]
[themesbrand.com/borex-symfony/layouts/assets/libs/tui-chart/tui-chart.min.css]
[themesbrand.com/borex-symfony/layouts/assets/libs/tui-chart/maps/usa.js]
[themesbrand.com/borex-symfony/layouts/charts-tui.html]
[themesbrand.com/borex-symfony/layouts/assets/js/pages/tui-charts.init.js]
[themesbrand.com/borex-symfony/layouts/icons-evaicons.html]
[themesbrand.com/borex-symfony/layouts/assets/libs/tui-chart/tui-chart-all.min.js]
[themesbrand.com/borex-symfony/layouts/icons-boxicons.html]
[themesbrand.com/borex-symfony/layouts/icons-materialdesign.html]
[themesbrand.com/borex-symfony/layouts/assets/js/pages/materialdesign.init.js]
[themesbrand.com/borex-symfony/layouts/icons-fontawesome.html]
[themesbrand.com/borex-symfony/layouts/assets/js/pages/fontawesome.init.js]
[themesbrand.com/borex-symfony/layouts/assets/libs/gmaps/gmaps.min.js]
[themesbrand.com/borex-symfony/layouts/assets/js/pages/gmaps.init.js]
[themesbrand.com/borex-symfony/layouts/maps-google.html]
[themesbrand.com/borex-symfony/layouts/assets/libs/jsvectormap/maps/us-merc-en.js]
[themesbrand.com/borex-symfony/layouts/assets/js/pages/vector-maps.init.js]
[themesbrand.com/borex-symfony/layouts/maps-vector.html]
[themesbrand.com/borex-symfony/layouts/assets/libs/jsvectormap/maps/canada.js]
[themesbrand.com/borex-symfony/layouts/assets/libs/leaflet/leaflet.css]
[themesbrand.com/borex-symfony/layouts/assets/libs/leaflet/leaflet.js]
[themesbrand.com/borex-symfony/layouts/assets/js/pages/leaflet-us-states.js]
[themesbrand.com/borex-symfony/layouts/assets/js/pages/leaflet-map.init.js]
[themesbrand.com/borex-symfony/layouts/maps-leaflet.html]
[themesbrand.com/borex-symfony/layouts/assets/fonts/boxiconsd41d.svg]
[themesbrand.com/borex-symfony/layouts/assets/fonts/fa-brands-400.svg]
[themesbrand.com/borex-symfony/layouts/assets/fonts/fa-regular-400.svg]
[themesbrand.com/borex-symfony/layouts/assets/fonts/fa-solid-900.svg]
[themesbrand.com/borex-symfony/layouts/assets/libs/jsvectormap/css/jsvectormap.min.css]
[themesbrand.com/borex-symfony/layouts/assets/libs/swiper/swiper-bundle.min.css]
[themesbrand.com/borex-symfony/layouts/assets/libs/fullcalendar/main.min.css]
[themesbrand.com/borex-symfony/layouts/assets/libs/nouislider/nouislider.min.css]
[themesbrand.com/borex-symfony/layouts/assets/libs/gridjs/theme/mermaid.min.css]
[themesbrand.com/borex-symfony/layouts/assets/libs/flatpickr/flatpickr.min.css]
[themesbrand.com/borex-symfony/layouts/ecommerce-product-detail-2.html]
[themesbrand.com/borex-symfony/layouts/assets/libs/choices.js/public/assets/styles/choices.min.css]
[themesbrand.com/borex-symfony/layouts/assets/libs/dropzone/min/dropzone.min.css]
[themesbrand.com/borex-symfony/layouts/assets/libs/glightbox/css/glightbox.min.css]
[themesbrand.com/borex-symfony/layouts/assets/libs/sweetalert2/sweetalert2.min.css]
[themesbrand.com/borex-symfony/layouts/assets/libs/alertifyjs/build/css/alertify.min.css]
[themesbrand.com/borex-symfony/layouts/assets/libs/alertifyjs/build/css/themes/default.min.css]
[themesbrand.com/borex-symfony/layouts/assets/libs/parsleyjs/parsley.min.html]
[themesbrand.com/borex-symfony/layouts/assets/libs/@simonwep/pickr/themes/classic.min.css]
[themesbrand.com/borex-symfony/layouts/assets/libs/@simonwep/pickr/themes/monolith.min.css]
[themesbrand.com/borex-symfony/layouts/assets/libs/@simonwep/pickr/themes/nano.min.css]
[themesbrand.com/borex-symfony/layouts/assets/libs/quill/quill.core.css]
[themesbrand.com/borex-symfony/layouts/assets/libs/quill/quill.bubble.css]
[themesbrand.com/borex-symfony/layouts/assets/libs/quill/quill.snow.css]
[themesbrand.com/borex-symfony/layouts/assets/libs/tui-chart/tui-chart.min.css]
[themesbrand.com/borex-symfony/layouts/assets/libs/leaflet/images/layers.png]
[themesbrand.com/borex-symfony/layouts/assets/libs/leaflet/images/layers-2x.png]
[themesbrand.com/borex-symfony/layouts/assets/libs/leaflet/images/marker-icon.png]
[themesbrand.com/borex-symfony/layouts/assets/libs/leaflet/leaflet.css]
